
Lmod is automatically replacing "python2/2.7.15" with "python3/3.7.0".

/tmp/slurmd/job8299617/slurm_script: line 18: /work/05330/jalili/stampede2/goro/gem5/v21/bin/activate: No such file or directory
warn: DRAM device capacity (16384 Mbytes) does not match the address range assigned (65536 Mbytes)
warn: DRAM device capacity (16384 Mbytes) does not match the address range assigned (65536 Mbytes)
info: kernel located at: /work/05330/jalili/stampede2/goro/disks/binaries/vmlinux.arm64
info: kernel located at: /work/05330/jalili/stampede2/goro/disks/binaries/vmlinux.arm64
warn: Not reserving swap space. May cause SIGSEGV on actual usage
warn: Not reserving swap space. May cause SIGSEGV on actual usage
warn: Sockets disabled, not accepting vnc client connections
warn: Sockets disabled, not accepting vnc client connections
warn: Sockets disabled, not accepting terminal connections
warn: Sockets disabled, not accepting terminal connections
warn: Sockets disabled, not accepting gdb connections
warn: Sockets disabled, not accepting gdb connections
warn: Existing EnergyCtrl, but no enabled DVFSHandler found.
warn: iobus.slave is deprecated. `slave` is now called `cpu_side_ports`
warn: bridge.master is deprecated. `master` is now called `mem_side_port`
warn: membus.master is deprecated. `master` is now called `mem_side_ports`
warn: bridge.slave is deprecated. `slave` is now called `cpu_side_port`
warn: membus.slave is deprecated. `slave` is now called `cpu_side_ports`
warn: iobus.master is deprecated. `master` is now called `mem_side_ports`
warn: membus.slave is deprecated. `slave` is now called `cpu_side_ports`
warn: tol3bus.master is deprecated. `master` is now called `mem_side_ports`
warn: membus.slave is deprecated. `slave` is now called `cpu_side_ports`
warn: toL2Bus.slave is deprecated. `slave` is now called `cpu_side_ports`
warn: toL2Bus.slave is deprecated. `slave` is now called `cpu_side_ports`
warn: toL2Bus.slave is deprecated. `slave` is now called `cpu_side_ports`
warn: toL2Bus.slave is deprecated. `slave` is now called `cpu_side_ports`
warn: tol3bus.slave is deprecated. `slave` is now called `cpu_side_ports`
warn: toL2Bus.slave is deprecated. `slave` is now called `cpu_side_ports`
warn: toL2Bus.slave is deprecated. `slave` is now called `cpu_side_ports`
warn: toL2Bus.slave is deprecated. `slave` is now called `cpu_side_ports`
warn: toL2Bus.slave is deprecated. `slave` is now called `cpu_side_ports`
warn: tol3bus.slave is deprecated. `slave` is now called `cpu_side_ports`
warn: toL2Bus.slave is deprecated. `slave` is now called `cpu_side_ports`
warn: toL2Bus.slave is deprecated. `slave` is now called `cpu_side_ports`
warn: toL2Bus.slave is deprecated. `slave` is now called `cpu_side_ports`
warn: toL2Bus.slave is deprecated. `slave` is now called `cpu_side_ports`
warn: tol3bus.slave is deprecated. `slave` is now called `cpu_side_ports`
warn: toL2Bus.slave is deprecated. `slave` is now called `cpu_side_ports`
warn: toL2Bus.slave is deprecated. `slave` is now called `cpu_side_ports`
warn: toL2Bus.slave is deprecated. `slave` is now called `cpu_side_ports`
warn: toL2Bus.slave is deprecated. `slave` is now called `cpu_side_ports`
warn: tol3bus.slave is deprecated. `slave` is now called `cpu_side_ports`
warn: No dot file generated. Please install pydot to generate the dot file and pdf.
info: Entering event queue @ 6833752502577.  Starting simulation...
warn: PowerState: Already in the requested power state, request ignored
warn: User mode does not have SPSR
warn: User mode does not have SPSR
warn: User mode does not have SPSR
warn: User mode does not have SPSR
warn: User mode does not have SPSR
warn: User mode does not have SPSR
warn: User mode does not have SPSR
warn: User mode does not have SPSR
info: Entering event queue @ 6833752512577.  Starting simulation...
warn: Existing EnergyCtrl, but no enabled DVFSHandler found.
warn: iobus.slave is deprecated. `slave` is now called `cpu_side_ports`
warn: bridge.master is deprecated. `master` is now called `mem_side_port`
warn: membus.master is deprecated. `master` is now called `mem_side_ports`
warn: bridge.slave is deprecated. `slave` is now called `cpu_side_port`
warn: membus.slave is deprecated. `slave` is now called `cpu_side_ports`
warn: iobus.master is deprecated. `master` is now called `mem_side_ports`
warn: membus.slave is deprecated. `slave` is now called `cpu_side_ports`
warn: tol3bus.master is deprecated. `master` is now called `mem_side_ports`
warn: membus.slave is deprecated. `slave` is now called `cpu_side_ports`
warn: toL2Bus.slave is deprecated. `slave` is now called `cpu_side_ports`
warn: toL2Bus.slave is deprecated. `slave` is now called `cpu_side_ports`
warn: toL2Bus.slave is deprecated. `slave` is now called `cpu_side_ports`
warn: toL2Bus.slave is deprecated. `slave` is now called `cpu_side_ports`
warn: tol3bus.slave is deprecated. `slave` is now called `cpu_side_ports`
warn: toL2Bus.slave is deprecated. `slave` is now called `cpu_side_ports`
warn: toL2Bus.slave is deprecated. `slave` is now called `cpu_side_ports`
warn: toL2Bus.slave is deprecated. `slave` is now called `cpu_side_ports`
warn: toL2Bus.slave is deprecated. `slave` is now called `cpu_side_ports`
warn: tol3bus.slave is deprecated. `slave` is now called `cpu_side_ports`
warn: toL2Bus.slave is deprecated. `slave` is now called `cpu_side_ports`
warn: toL2Bus.slave is deprecated. `slave` is now called `cpu_side_ports`
warn: toL2Bus.slave is deprecated. `slave` is now called `cpu_side_ports`
warn: toL2Bus.slave is deprecated. `slave` is now called `cpu_side_ports`
warn: tol3bus.slave is deprecated. `slave` is now called `cpu_side_ports`
warn: toL2Bus.slave is deprecated. `slave` is now called `cpu_side_ports`
warn: toL2Bus.slave is deprecated. `slave` is now called `cpu_side_ports`
warn: toL2Bus.slave is deprecated. `slave` is now called `cpu_side_ports`
warn: toL2Bus.slave is deprecated. `slave` is now called `cpu_side_ports`
warn: tol3bus.slave is deprecated. `slave` is now called `cpu_side_ports`
warn: No dot file generated. Please install pydot to generate the dot file and pdf.
info: Entering event queue @ 8064896347599.  Starting simulation...
warn: PowerState: Already in the requested power state, request ignored
warn: User mode does not have SPSR
warn: User mode does not have SPSR
warn: User mode does not have SPSR
warn: User mode does not have SPSR
warn: User mode does not have SPSR
warn: User mode does not have SPSR
warn: User mode does not have SPSR
warn: User mode does not have SPSR
info: Entering event queue @ 8064896357599.  Starting simulation...
warn: 	instruction 'csdb' unimplemented
warn: 	instruction 'csdb' unimplemented
info: Entering event queue @ 6838493907336.  Starting simulation...
info: Entering event queue @ 8070234307317.  Starting simulation...
slurmstepd: error: *** JOB 8299617 ON c499-061 CANCELLED AT 2021-08-16T12:02:12 ***
