
Lmod is automatically replacing "python2/2.7.15" with "python3/3.7.0".

/tmp/slurmd/job8300270/slurm_script: line 18: /work/05330/jalili/stampede2/goro/gem5/v21/bin/activate: No such file or directory
warn: DRAM device capacity (16384 Mbytes) does not match the address range assigned (65536 Mbytes)
warn: DRAM device capacity (16384 Mbytes) does not match the address range assigned (65536 Mbytes)
info: kernel located at: /work/05330/jalili/stampede2/goro/disks/binaries/vmlinux.arm64
info: kernel located at: /work/05330/jalili/stampede2/goro/disks/binaries/vmlinux.arm64
warn: Not reserving swap space. May cause SIGSEGV on actual usage
warn: Not reserving swap space. May cause SIGSEGV on actual usage
warn: Sockets disabled, not accepting vnc client connections
warn: Sockets disabled, not accepting vnc client connections
warn: Sockets disabled, not accepting terminal connections
warn: Sockets disabled, not accepting terminal connections
warn: Sockets disabled, not accepting gdb connections
warn: Sockets disabled, not accepting gdb connections
warn: Existing EnergyCtrl, but no enabled DVFSHandler found.
warn: iobus.slave is deprecated. `slave` is now called `cpu_side_ports`
warn: bridge.master is deprecated. `master` is now called `mem_side_port`
warn: membus.master is deprecated. `master` is now called `mem_side_ports`
warn: bridge.slave is deprecated. `slave` is now called `cpu_side_port`
warn: membus.slave is deprecated. `slave` is now called `cpu_side_ports`
warn: iobus.master is deprecated. `master` is now called `mem_side_ports`
warn: membus.slave is deprecated. `slave` is now called `cpu_side_ports`
warn: tol3bus.master is deprecated. `master` is now called `mem_side_ports`
warn: membus.slave is deprecated. `slave` is now called `cpu_side_ports`
warn: toL2Bus.slave is deprecated. `slave` is now called `cpu_side_ports`
warn: toL2Bus.slave is deprecated. `slave` is now called `cpu_side_ports`
warn: toL2Bus.slave is deprecated. `slave` is now called `cpu_side_ports`
warn: toL2Bus.slave is deprecated. `slave` is now called `cpu_side_ports`
warn: tol3bus.slave is deprecated. `slave` is now called `cpu_side_ports`
warn: toL2Bus.slave is deprecated. `slave` is now called `cpu_side_ports`
warn: toL2Bus.slave is deprecated. `slave` is now called `cpu_side_ports`
warn: toL2Bus.slave is deprecated. `slave` is now called `cpu_side_ports`
warn: toL2Bus.slave is deprecated. `slave` is now called `cpu_side_ports`
warn: tol3bus.slave is deprecated. `slave` is now called `cpu_side_ports`
warn: toL2Bus.slave is deprecated. `slave` is now called `cpu_side_ports`
warn: toL2Bus.slave is deprecated. `slave` is now called `cpu_side_ports`
warn: toL2Bus.slave is deprecated. `slave` is now called `cpu_side_ports`
warn: toL2Bus.slave is deprecated. `slave` is now called `cpu_side_ports`
warn: tol3bus.slave is deprecated. `slave` is now called `cpu_side_ports`
warn: toL2Bus.slave is deprecated. `slave` is now called `cpu_side_ports`
warn: toL2Bus.slave is deprecated. `slave` is now called `cpu_side_ports`
warn: toL2Bus.slave is deprecated. `slave` is now called `cpu_side_ports`
warn: toL2Bus.slave is deprecated. `slave` is now called `cpu_side_ports`
warn: tol3bus.slave is deprecated. `slave` is now called `cpu_side_ports`
warn: No dot file generated. Please install pydot to generate the dot file and pdf.
info: Entering event queue @ 6830332436382.  Starting simulation...
warn: PowerState: Already in the requested power state, request ignored
warn: User mode does not have SPSR
warn: User mode does not have SPSR
warn: User mode does not have SPSR
warn: User mode does not have SPSR
warn: User mode does not have SPSR
warn: User mode does not have SPSR
warn: User mode does not have SPSR
warn: User mode does not have SPSR
info: Entering event queue @ 6830332446382.  Starting simulation...
warn: Existing EnergyCtrl, but no enabled DVFSHandler found.
warn: iobus.slave is deprecated. `slave` is now called `cpu_side_ports`
warn: bridge.master is deprecated. `master` is now called `mem_side_port`
warn: membus.master is deprecated. `master` is now called `mem_side_ports`
warn: bridge.slave is deprecated. `slave` is now called `cpu_side_port`
warn: membus.slave is deprecated. `slave` is now called `cpu_side_ports`
warn: iobus.master is deprecated. `master` is now called `mem_side_ports`
warn: membus.slave is deprecated. `slave` is now called `cpu_side_ports`
warn: tol3bus.master is deprecated. `master` is now called `mem_side_ports`
warn: membus.slave is deprecated. `slave` is now called `cpu_side_ports`
warn: toL2Bus.slave is deprecated. `slave` is now called `cpu_side_ports`
warn: toL2Bus.slave is deprecated. `slave` is now called `cpu_side_ports`
warn: toL2Bus.slave is deprecated. `slave` is now called `cpu_side_ports`
warn: toL2Bus.slave is deprecated. `slave` is now called `cpu_side_ports`
warn: tol3bus.slave is deprecated. `slave` is now called `cpu_side_ports`
warn: toL2Bus.slave is deprecated. `slave` is now called `cpu_side_ports`
warn: toL2Bus.slave is deprecated. `slave` is now called `cpu_side_ports`
warn: toL2Bus.slave is deprecated. `slave` is now called `cpu_side_ports`
warn: toL2Bus.slave is deprecated. `slave` is now called `cpu_side_ports`
warn: tol3bus.slave is deprecated. `slave` is now called `cpu_side_ports`
warn: toL2Bus.slave is deprecated. `slave` is now called `cpu_side_ports`
warn: toL2Bus.slave is deprecated. `slave` is now called `cpu_side_ports`
warn: toL2Bus.slave is deprecated. `slave` is now called `cpu_side_ports`
warn: toL2Bus.slave is deprecated. `slave` is now called `cpu_side_ports`
warn: tol3bus.slave is deprecated. `slave` is now called `cpu_side_ports`
warn: toL2Bus.slave is deprecated. `slave` is now called `cpu_side_ports`
warn: toL2Bus.slave is deprecated. `slave` is now called `cpu_side_ports`
warn: toL2Bus.slave is deprecated. `slave` is now called `cpu_side_ports`
warn: toL2Bus.slave is deprecated. `slave` is now called `cpu_side_ports`
warn: tol3bus.slave is deprecated. `slave` is now called `cpu_side_ports`
warn: No dot file generated. Please install pydot to generate the dot file and pdf.
info: Entering event queue @ 7660509584091.  Starting simulation...
info: Entering event queue @ 7660509594091.  Starting simulation...
warn: PowerState: Already in the requested power state, request ignored
warn: User mode does not have SPSR
warn: User mode does not have SPSR
warn: User mode does not have SPSR
warn: User mode does not have SPSR
warn: User mode does not have SPSR
warn: User mode does not have SPSR
warn: User mode does not have SPSR
warn: User mode does not have SPSR
info: Entering event queue @ 7660509594465.  Starting simulation...
info: Entering event queue @ 6835245738867.  Starting simulation...
info: Entering event queue @ 7670600507115.  Starting simulation...
warn: 	instruction 'csdb' unimplemented
slurmstepd: error: *** JOB 8300270 ON c481-062 CANCELLED AT 2021-08-16T15:12:32 DUE TO TIME LIMIT ***
